<?xml version="1.0" encoding="UTF-8"?>
<testsuite name="edu.touro.mco152.bm.DiskMarkTest" tests="6" skipped="0" failures="0" errors="0" timestamp="2019-09-26T02:29:08" hostname="Daniels-MacBook-Pro-2.local" time="0.096">
  <properties/>
  <testcase name="getMinAsString()" classname="edu.touro.mco152.bm.DiskMarkTest" time="0.004"/>
  <testcase name="setCumMin(double)[1]" classname="edu.touro.mco152.bm.DiskMarkTest" time="0.03"/>
  <testcase name="setCumMin(double)[2]" classname="edu.touro.mco152.bm.DiskMarkTest" time="0.001"/>
  <testcase name="setCumMin(double)[3]" classname="edu.touro.mco152.bm.DiskMarkTest" time="0.002"/>
  <testcase name="getCumMin()" classname="edu.touro.mco152.bm.DiskMarkTest" time="0.001"/>
  <testcase name="testCumRange()" classname="edu.touro.mco152.bm.DiskMarkTest" time="0.001"/>
  <system-out><![CDATA[]]></system-out>
  <system-err><![CDATA[]]></system-err>
</testsuite>
